<testsuite name="Filtering.To test Sauce Demo Website" tests="5" errors="0" failures="0" skipped="0" time="12.159702" timestamp="2023-06-21T15:58:53.905585" hostname="Vignesh"><testcase classname="Filtering.To test Sauce Demo Website" name="Login" status="passed" time="1.746797"><system-out>
<![CDATA[
@scenario.begin
  Scenario: Login
    Given the user launches the application ... passed in 1.286s
    When the user verifies the application is loaded ... passed in 0.037s
    Then the user enters the valid credentials ... passed in 0.423s

@scenario.end
--------------------------------------------------------------------------------
]]>
</system-out></testcase><testcase classname="Filtering.To test Sauce Demo Website" name="To verify Filter Option -- @1.1 " status="passed" time="3.31263"><system-out>
<![CDATA[
@scenario.begin
  Scenario Outline: To verify Filter Option -- @1.1 
    Given the user is on home page ... passed in 0.018s
    Then the user filters "Name (Z to A)" ... passed in 3.295s

@scenario.end
--------------------------------------------------------------------------------
]]>
</system-out></testcase><testcase classname="Filtering.To test Sauce Demo Website" name="To verify Filter Option -- @1.2 " status="passed" time="3.297106"><system-out>
<![CDATA[
@scenario.begin
  Scenario Outline: To verify Filter Option -- @1.2 
    Given the user is on home page ... passed in 0.014s
    Then the user filters "Price (low to high)" ... passed in 3.283s

@scenario.end
--------------------------------------------------------------------------------
]]>
</system-out></testcase><testcase classname="Filtering.To test Sauce Demo Website" name="To verify Filter Option -- @1.3 " status="passed" time="3.298943"><system-out>
<![CDATA[
@scenario.begin
  Scenario Outline: To verify Filter Option -- @1.3 
    Given the user is on home page ... passed in 0.029s
    Then the user filters "Price (high to low)" ... passed in 3.270s

@scenario.end
--------------------------------------------------------------------------------
]]>
</system-out></testcase><testcase classname="Filtering.To test Sauce Demo Website" name="Logout" status="passed" time="0.504225"><system-out>
<![CDATA[
@scenario.begin
  Scenario: Logout
    Given the user is on home page ... passed in 0.019s
    Given the user logouts from the site ... passed in 0.485s

@scenario.end
--------------------------------------------------------------------------------
]]>
</system-out></testcase></testsuite>